#
# There is insufficient memory for the Java Runtime Environment to continue.
# Native memory allocation (mmap) failed to map 67108864 bytes for Failed to commit area from 0x00000000c1600000 to 0x00000000c5600000 of length 67108864.
# Possible reasons:
#   The system is out of physical RAM or swap space
#   The process is running with CompressedOops enabled, and the Java Heap may be blocking the growth of the native heap
# Possible solutions:
#   Reduce memory load on the system
#   Increase physical memory or swap space
#   Check if swap backing store is full
#   Decrease Java heap size (-Xmx/-Xms)
#   Decrease number of Java threads
#   Decrease Java thread stack sizes (-Xss)
#   Set larger code cache with -XX:ReservedCodeCacheSize=
#   JVM is running with Unscaled Compressed Oops mode in which the Java heap is
#     placed in the first 4GB address space. The Java Heap base address is the
#     maximum limit for the native heap growth. Please use -XX:HeapBaseMinAddress
#     to set the Java Heap base and to place the Java Heap above 4GB virtual address.
# This output file may be truncated or incomplete.
#
#  Out of Memory Error (./open/src/hotspot/os/windows/os_windows.cpp:3315), pid=16780, tid=17068
#
# JRE version:  (14.0.2+12) (build )
# Java VM: Java HotSpot(TM) 64-Bit Server VM (14.0.2+12-46, mixed mode, sharing, tiered, compressed oops, g1 gc, windows-amd64)
# No core dump will be written. Minidumps are not enabled by default on client versions of Windows
#

---------------  S U M M A R Y ------------

Command Line: -Dfile.encoding=UTF-8 --module-path=D:\MCS_Project\Project\travel management System1\build\classes travel.management.system1.Dashboard

Host: Intel(R) Core(TM) i5-4310M CPU @ 2.70GHz, 4 cores, 3G,  Windows 10 , 64 bit Build 19041 (10.0.19041.1645)
Time: Sat May 21 03:57:20 2022 India Standard Time elapsed time: 0 seconds (0d 0h 0m 0s)

---------------  T H R E A D  ---------------

Current thread (0x000002d28547b800):  JavaThread "Unknown thread" [_thread_in_vm, id=17068, stack(0x000000e2c0700000,0x000000e2c0800000)]

Stack: [0x000000e2c0700000,0x000000e2c0800000]
Native frames: (J=compiled Java code, j=interpreted, Vv=VM code, C=native code)
V  [jvm.dll+0x5f8a9a]
V  [jvm.dll+0x74247a]
V  [jvm.dll+0x743c2f]
V  [jvm.dll+0x744273]
V  [jvm.dll+0x20d288]
V  [jvm.dll+0x5f5dea]
V  [jvm.dll+0x5eac45]
V  [jvm.dll+0x2c7e9c]
V  [jvm.dll+0x2c7cd2]
V  [jvm.dll+0x2cdbbc]
V  [jvm.dll+0x313fe8]
V  [jvm.dll+0x313710]
V  [jvm.dll+0x2a092a]
V  [jvm.dll+0x2a1a79]
V  [jvm.dll+0x71fd48]
V  [jvm.dll+0x321c14]
V  [jvm.dll+0x70112c]
V  [jvm.dll+0x392def]
V  [jvm.dll+0x394e61]
C  [jli.dll+0x524b]
C  [ucrtbase.dll+0x21bb2]
C  [KERNEL32.DLL+0x17034]
C  [ntdll.dll+0x52651]


---------------  P R O C E S S  ---------------

Threads class SMR info:
_java_thread_list=0x00007ffff8a83038, length=0, elements={
}

Java Threads: ( => current thread )

Other Threads:
  0x000002d2854aa000 GCTaskThread "GC Thread#0" [stack: 0x000000e2c0800000,0x000000e2c0900000] [id=7952]
  0x000002d2854b5800 ConcurrentGCThread "G1 Main Marker" [stack: 0x000000e2c0900000,0x000000e2c0a00000] [id=8664]
  0x000002d2854b7000 ConcurrentGCThread "G1 Conc#0" [stack: 0x000000e2c0a00000,0x000000e2c0b00000] [id=1080]

[error occurred during error reporting (printing all threads), id 0xc0000005, EXCEPTION_ACCESS_VIOLATION (0xc0000005) at pc=0x00007ffff82b1257]

VM state:not at safepoint (not fully initialized)

VM Mutex/Monitor currently owned by a thread:  ([mutex/lock_event])
[0x000002d285477e40] Heap_lock - owner thread: 0x000002d28547b800

Heap address: 0x00000000c1600000, size: 1002 MB, Compressed Oops mode: 32-bit
Narrow klass base: 0x0000000000000000, Narrow klass shift: 0

GC Heap History (0 events):
No events

Deoptimization events (0 events):
No events

Classes unloaded (0 events):
No events

Classes redefined (0 events):
No events

Internal exceptions (0 events):
No events

Events (2 events):
Event: 0.005 Loaded shared library C:\Program Files\Java\jdk-14.0.2\bin\java.dll
Event: 0.005 Loaded shared library C:\Program Files\Java\jdk-14.0.2\bin\zip.dll


Dynamic libraries:
0x00007ff708f30000 - 0x00007ff708f3f000 	C:\Program Files\Java\jdk-14.0.2\bin\java.exe
0x00007ff81f310000 - 0x00007ff81f505000 	C:\WINDOWS\SYSTEM32\ntdll.dll
0x00007ff81d8f0000 - 0x00007ff81d9ae000 	C:\WINDOWS\System32\KERNEL32.DLL
0x00007ff81cf10000 - 0x00007ff81d1d8000 	C:\WINDOWS\System32\KERNELBASE.dll
0x00007ff81d2b0000 - 0x00007ff81d3b0000 	C:\WINDOWS\System32\ucrtbase.dll
0x00007ff809260000 - 0x00007ff809275000 	C:\Program Files\Java\jdk-14.0.2\bin\VCRUNTIME140.dll
0x00007ff8171f0000 - 0x00007ff817208000 	C:\Program Files\Java\jdk-14.0.2\bin\jli.dll
0x00007ff81d510000 - 0x00007ff81d5be000 	C:\WINDOWS\System32\ADVAPI32.dll
0x00007ff81eeb0000 - 0x00007ff81ef4e000 	C:\WINDOWS\System32\msvcrt.dll
0x00007ff81d460000 - 0x00007ff81d4fc000 	C:\WINDOWS\System32\sechost.dll
0x00007ff81ea60000 - 0x00007ff81eb85000 	C:\WINDOWS\System32\RPCRT4.dll
0x00007ff81e170000 - 0x00007ff81e310000 	C:\WINDOWS\System32\USER32.dll
0x00007ff80a2c0000 - 0x00007ff80a55a000 	C:\WINDOWS\WinSxS\amd64_microsoft.windows.common-controls_6595b64144ccf1df_6.0.19041.1110_none_60b5254171f9507e\COMCTL32.dll
0x00007ff81d1e0000 - 0x00007ff81d202000 	C:\WINDOWS\System32\win32u.dll
0x00007ff81ec70000 - 0x00007ff81ec9a000 	C:\WINDOWS\System32\GDI32.dll
0x00007ff81cb20000 - 0x00007ff81cc2b000 	C:\WINDOWS\System32\gdi32full.dll
0x00007ff81ce20000 - 0x00007ff81cebd000 	C:\WINDOWS\System32\msvcp_win.dll
0x00007ff80bca0000 - 0x00007ff80bcaa000 	C:\WINDOWS\SYSTEM32\VERSION.dll
0x00007ff81d6e0000 - 0x00007ff81d710000 	C:\WINDOWS\System32\IMM32.DLL
0x00007ff8092b0000 - 0x00007ff80934b000 	C:\Program Files\Java\jdk-14.0.2\bin\msvcp140.dll
0x00007ffff8000000 - 0x00007ffff8b1e000 	C:\Program Files\Java\jdk-14.0.2\bin\server\jvm.dll
0x00007ff81e0a0000 - 0x00007ff81e0a8000 	C:\WINDOWS\System32\PSAPI.DLL
0x00007ff80c250000 - 0x00007ff80c277000 	C:\WINDOWS\SYSTEM32\WINMM.dll
0x00007ff80a680000 - 0x00007ff80a689000 	C:\WINDOWS\SYSTEM32\WSOCK32.dll
0x00007ff81d9b0000 - 0x00007ff81da1b000 	C:\WINDOWS\System32\WS2_32.dll
0x00007ff81aa40000 - 0x00007ff81aa52000 	C:\WINDOWS\SYSTEM32\kernel.appcore.dll
0x00007ff809100000 - 0x00007ff80910a000 	C:\Program Files\Java\jdk-14.0.2\bin\jimage.dll
0x00007ff80c2d0000 - 0x00007ff80c4b4000 	C:\WINDOWS\SYSTEM32\DBGHELP.DLL
0x00007ff80c130000 - 0x00007ff80c15c000 	C:\WINDOWS\SYSTEM32\dbgcore.DLL
0x00007ff81cd90000 - 0x00007ff81ce12000 	C:\WINDOWS\System32\bcryptPrimitives.dll
0x00007ff808d70000 - 0x00007ff808d95000 	C:\Program Files\Java\jdk-14.0.2\bin\java.dll
0x00007ff808730000 - 0x00007ff808746000 	C:\Program Files\Java\jdk-14.0.2\bin\zip.dll

dbghelp: loaded successfully - version: 4.0.5 - missing functions: none
symbol engine: initialized successfully - sym options: 0x614 - pdb path: .;C:\Program Files\Java\jdk-14.0.2\bin;C:\WINDOWS\SYSTEM32;C:\WINDOWS\WinSxS\amd64_microsoft.windows.common-controls_6595b64144ccf1df_6.0.19041.1110_none_60b5254171f9507e;C:\Program Files\Java\jdk-14.0.2\bin\server

VM Arguments:
jvm_args: -Dfile.encoding=UTF-8 --module-path=D:\MCS_Project\Project\travel management System1\build\classes 
java_command: travel.management.system1.Dashboard
java_class_path (initial): D:\MCS_Project\Project\travel management System1\src\mysql-connector-java-8.0.28.jar;D:\MCS_Project\Project\travel management System1\build\classes
Launcher Type: SUN_STANDARD

[Global flags]
     intx CICompilerCount                          = 3                                         {product} {ergonomic}
     uint ConcGCThreads                            = 1                                         {product} {ergonomic}
     uint G1ConcRefinementThreads                  = 4                                         {product} {ergonomic}
   size_t G1HeapRegionSize                         = 1048576                                   {product} {ergonomic}
    uintx GCDrainStackTargetSize                   = 64                                        {product} {ergonomic}
   size_t InitialHeapSize                          = 67108864                                  {product} {ergonomic}
   size_t MarkStackSize                            = 4194304                                   {product} {ergonomic}
   size_t MaxHeapSize                              = 1050673152                                {product} {ergonomic}
   size_t MinHeapDeltaBytes                        = 1048576                                   {product} {ergonomic}
   size_t MinHeapSize                              = 8388608                                   {product} {ergonomic}
    uintx NonNMethodCodeHeapSize                   = 5832780                                {pd product} {ergonomic}
    uintx NonProfiledCodeHeapSize                  = 122912730                              {pd product} {ergonomic}
    uintx ProfiledCodeHeapSize                     = 122912730                              {pd product} {ergonomic}
    uintx ReservedCodeCacheSize                    = 251658240                              {pd product} {ergonomic}
     bool SegmentedCodeCache                       = true                                      {product} {ergonomic}
   size_t SoftMaxHeapSize                          = 1050673152                             {manageable} {ergonomic}
     bool UseCompressedClassPointers               = true                                 {lp64_product} {ergonomic}
     bool UseCompressedOops                        = true                                 {lp64_product} {ergonomic}
     bool UseG1GC                                  = true                                      {product} {ergonomic}
     bool UseLargePagesIndividualAllocation        = false                                  {pd product} {ergonomic}

Logging:
Log output configuration:
 #0: stdout all=warning uptime,level,tags
 #1: stderr all=off uptime,level,tags

Environment Variables:
JAVA_HOME=C:\Program Files\Java\jdk-14.0.2
PATH=C:\WINDOWS\system32;C:\WINDOWS;C:\WINDOWS\System32\Wbem;C:\WINDOWS\System32\WindowsPowerShell\v1.0\;C:\WINDOWS\System32\OpenSSH\;D:\scala\null\Coursier\data\bin;C:\Users\Admin-pc\AppData\Local\Programs\Python\Python310;D:\Program Files (x86)\sbt\bin;C:\Users\Admin-pc\AppData\Local\Programs\Neo4j Desktop;C:\Program Files (x86)\sbt\bin;C:\Program Files\MySQL\MySQL Shell 8.0\bin\;C:\Users\Admin-pc\AppData\Local\Programs\Python\Python310\Scripts\;C:\Users\Admin-pc\AppData\Local\Programs\Python\Python310\;C:\Program Files\Java\jdk-14.0.2\bin;C:\Users\Admin-pc\AppData\Local\Microsoft\WindowsApps;D:\Program Files (x86)\sbt\bin;C:\Users\Admin-pc\Downloads\null\Coursier\data\bin;D:\scala\null\Coursier\data\bin;C:\Users\Admin-pc\AppData\Local\Programs\Microsoft VS Code\bin;C:\Program Files (x86)\sbt\bin;C:\Program Files\JetBrains\IntelliJ IDEA 2021.1.3\bin;;C:\Program Files\JetBrains\IntelliJ IDEA 2021.3.2\bin;C:\Users\Admin-pc\IdeaProjects;C:\Users\Admin-pc\Desktop\python\.vscode;C:\Program Files\MySQL\MySQL Server 8.0\bin;C:\Users\Admin-pc\Desktop\HTML;C:\Users\Admin-pc\Downloads\sts-4.14.0.RELEASE;
USERNAME=Admin-pc
OS=Windows_NT
PROCESSOR_IDENTIFIER=Intel64 Family 6 Model 60 Stepping 3, GenuineIntel



---------------  S Y S T E M  ---------------

OS: Windows 10 , 64 bit Build 19041 (10.0.19041.1645)
OS uptime: 0 days 6:11 hours

CPU:total 4 (initial active 4) (2 cores per cpu, 2 threads per core) family 6 model 60 stepping 3, cmov, cx8, fxsr, mmx, sse, sse2, sse3, ssse3, sse4.1, sse4.2, popcnt, avx, avx2, aes, clmul, erms, lzcnt, ht, tsc, tscinvbit, bmi1, bmi2, fma

Memory: 4k page, system-wide physical 4001M (478M free)
TotalPageFile size 16122M (AvailPageFile size 16M)
current process WorkingSet (physical memory assigned to process): 10M, peak: 10M
current process commit charge ("private bytes"): 51M, peak: 115M

vm_info: Java HotSpot(TM) 64-Bit Server VM (14.0.2+12-46) for windows-amd64 JRE (14.0.2+12-46), built on Jul  9 2020 00:35:52 by "mach5one" with MS VC++ 15.9 (VS2017)

END.
